<?xml version="1.0" encoding="UTF-8"?>
<!-- Generated by org.testng.reporters.JUnitXMLReporter -->
<testsuite ignored="6" hostname="LAPTOP-A630U333" failures="1" tests="4" name="Test" time="31.609" errors="0" timestamp="2022-12-10T14:42:19 IST">
  <testcase classname="DWS_TestCases.TC003Login" name="login" time="2.589"/>
  <testcase classname="DWS_TestCases.TC002Register" name="register" time="3.071"/>
  <testcase classname="DWS_TestCases.TC001_AssertBooksTab" name="AssertBooksTab" time="1.237">
    <failure type="java.lang.AssertionError" message="expected [BOOK] but found [BOOKS]">
      <![CDATA[java.lang.AssertionError: expected [BOOK] but found [BOOKS]
at DWS_TestCases.TC001_AssertBooksTab.AssertBooksTab(TC001_AssertBooksTab.java:25)
at java.base/java.util.ArrayList.forEach(ArrayList.java:1511)
... Removed 33 stack frames]]>
    </failure>
  </testcase> <!-- AssertBooksTab -->
  <testcase classname="DWS_TestCases.TC004EndtoEnd" name="endtoend" time="8.963"/>
  <testcase classname="com.selenium.framework.BaseTest" name="@AfterSuite publishExtentReport" time="0.0">
    <ignored/>
  </testcase> <!-- @AfterSuite publishExtentReport -->
  <testcase classname="com.selenium.framework.BaseTest" name="@AfterSuite publishExtentReport" time="0.0">
    <ignored/>
  </testcase> <!-- @AfterSuite publishExtentReport -->
  <testcase classname="com.selenium.framework.BaseTest" name="@AfterSuite publishExtentReport" time="0.0">
    <ignored/>
  </testcase> <!-- @AfterSuite publishExtentReport -->
  <testcase classname="com.selenium.framework.BaseTest" name="@BeforeSuite initlizeExtentReportsObject" time="0.0">
    <ignored/>
  </testcase> <!-- @BeforeSuite initlizeExtentReportsObject -->
  <testcase classname="com.selenium.framework.BaseTest" name="@BeforeSuite initlizeExtentReportsObject" time="0.0">
    <ignored/>
  </testcase> <!-- @BeforeSuite initlizeExtentReportsObject -->
  <testcase classname="com.selenium.framework.BaseTest" name="@BeforeSuite initlizeExtentReportsObject" time="0.0">
    <ignored/>
  </testcase> <!-- @BeforeSuite initlizeExtentReportsObject -->
</testsuite> <!-- Test -->
