<?xml version="1.0" encoding="UTF-8"?>
<testng-results ignored="0" total="1" passed="1" failed="0" skipped="0">
  <reporter-output>
  </reporter-output>
  <suite started-at="2022-12-08T23:26:01 IST" name="Default suite" finished-at="2022-12-08T23:28:31 IST" duration-ms="149195">
    <groups>
    </groups>
    <test started-at="2022-12-08T23:26:01 IST" name="Default test" finished-at="2022-12-08T23:28:31 IST" duration-ms="149195">
      <class name="DWS_TestCases.TC002Login">
        <test-method is-config="true" signature="initlizeExtentReportsObject()[pri:0, instance:DWS_TestCases.TC002Login@1a75e76a]" started-at="2022-12-08T23:25:57 IST" name="initlizeExtentReportsObject" finished-at="2022-12-08T23:26:01 IST" duration-ms="4399" status="PASS">
          <reporter-output>
          </reporter-output>
        </test-method> <!-- initlizeExtentReportsObject -->
        <test-method is-config="true" signature="initilizeDriver()[pri:0, instance:DWS_TestCases.TC002Login@1a75e76a]" started-at="2022-12-08T23:26:01 IST" name="initilizeDriver" finished-at="2022-12-08T23:27:31 IST" duration-ms="89202" status="PASS">
          <reporter-output>
          </reporter-output>
        </test-method> <!-- initilizeDriver -->
        <test-method is-config="true" signature="startTest(java.lang.reflect.Method)[pri:0, instance:DWS_TestCases.TC002Login@1a75e76a]" started-at="2022-12-08T23:27:33 IST" name="startTest" finished-at="2022-12-08T23:27:51 IST" duration-ms="17698" status="PASS">
          <params>
            <param index="0">
              <value>
                <![CDATA[public void DWS_TestCases.TC002Login.login(java.lang.String,java.lang.String)]]>
              </value>
            </param>
          </params>
          <reporter-output>
          </reporter-output>
        </test-method> <!-- startTest -->
        <test-method signature="login(java.lang.String,java.lang.String)[pri:0, instance:DWS_TestCases.TC002Login@1a75e76a]" started-at="2022-12-08T23:27:51 IST" name="login" data-provider="data" finished-at="2022-12-08T23:28:15 IST" duration-ms="24043" status="PASS">
          <params>
            <param index="0">
              <value>
                <![CDATA[rak@test.com]]>
              </value>
            </param>
            <param index="1">
              <value>
                <![CDATA[6362606708]]>
              </value>
            </param>
          </params>
          <reporter-output>
          </reporter-output>
        </test-method> <!-- login -->
        <test-method is-config="true" signature="logResults(org.testng.ITestResult,java.lang.reflect.Method)[pri:0, instance:DWS_TestCases.TC002Login@1a75e76a]" started-at="2022-12-08T23:28:15 IST" name="logResults" finished-at="2022-12-08T23:28:15 IST" duration-ms="3" status="PASS">
          <params>
            <param index="0">
              <value>
                <![CDATA[[TestResult name=login status=SUCCESS method=TC002Login.login(java.lang.String,java.lang.String)[pri:0, instance:DWS_TestCases.TC002Login@1a75e76a] output={null}]]]>
              </value>
            </param>
            <param index="1">
              <value>
                <![CDATA[public void DWS_TestCases.TC002Login.login(java.lang.String,java.lang.String)]]>
              </value>
            </param>
          </params>
          <reporter-output>
          </reporter-output>
        </test-method> <!-- logResults -->
        <test-method is-config="true" signature="closeApplication()[pri:0, instance:DWS_TestCases.TC002Login@1a75e76a]" started-at="2022-12-08T23:28:15 IST" name="closeApplication" finished-at="2022-12-08T23:28:31 IST" duration-ms="15303" status="PASS">
          <reporter-output>
          </reporter-output>
        </test-method> <!-- closeApplication -->
        <test-method is-config="true" signature="publishExtentReport()[pri:0, instance:DWS_TestCases.TC002Login@1a75e76a]" started-at="2022-12-08T23:28:31 IST" name="publishExtentReport" finished-at="2022-12-08T23:28:33 IST" duration-ms="1726" status="PASS">
          <reporter-output>
          </reporter-output>
        </test-method> <!-- publishExtentReport -->
      </class> <!-- DWS_TestCases.TC002Login -->
    </test> <!-- Default test -->
  </suite> <!-- Default suite -->
</testng-results>
